<?xml version="1.0" encoding="UTF-8"?>
<testng-results total="1" passed="1" failed="0" skipped="0">
  <reporter-output>
  </reporter-output>
  <suite started-at="2020-02-19T13:27:04Z" name="Default suite" finished-at="2020-02-19T13:27:16Z" duration-ms="12386">
    <groups>
    </groups>
    <test started-at="2020-02-19T13:27:04Z" name="Default test" finished-at="2020-02-19T13:27:16Z" duration-ms="12386">
      <class name="com.pom.WordPressTest">
        <test-method is-config="true" signature="myDriverSetup()[pri:0, instance:com.pom.WordPressTest@8909f18]" started-at="2020-02-19T18:57:04Z" name="myDriverSetup" finished-at="2020-02-19T18:57:12Z" duration-ms="8182" status="PASS">
          <reporter-output>
          </reporter-output>
        </test-method> <!-- myDriverSetup -->
        <test-method signature="myTest()[pri:0, instance:com.pom.WordPressTest@8909f18]" started-at="2020-02-19T18:57:12Z" name="myTest" finished-at="2020-02-19T18:57:12Z" duration-ms="321" status="PASS">
          <reporter-output>
          </reporter-output>
        </test-method> <!-- myTest -->
        <test-method is-config="true" signature="closingDriver()[pri:0, instance:com.pom.WordPressTest@8909f18]" started-at="2020-02-19T18:57:12Z" name="closingDriver" finished-at="2020-02-19T18:57:16Z" duration-ms="3855" status="PASS">
          <reporter-output>
          </reporter-output>
        </test-method> <!-- closingDriver -->
      </class> <!-- com.pom.WordPressTest -->
    </test> <!-- Default test -->
  </suite> <!-- Default suite -->
</testng-results>
